nohup: ignoring input
Generate Using device: cuda
Loading checkpoint shards:   0%|          | 0/2 [00:00<?, ?it/s]Loading checkpoint shards:  50%|█████     | 1/2 [00:02<00:02,  2.81s/it]Loading checkpoint shards: 100%|██████████| 2/2 [00:03<00:00,  1.76s/it]Loading checkpoint shards: 100%|██████████| 2/2 [00:03<00:00,  1.92s/it]
This is a friendly reminder - the current text generation call will exceed the model's predefined maximum length (4096). Depending on the model, you may observe exceptions, performance degradation, or nothing at all.
Generate Model is on cuda:0
Similarity Using device: cuda
Similarity Model is on cuda
{
    "vendor_metadata_sector": "Cloud Services",
    "vendor_metadata_domain": "Technology",
    "vendor_metadata_location": "Bhopal, Madhya Pradesh, India",
    "vendor_metadata_employee_strength": 403
}
{
    "vendor_metadata_sector": "Security Services",
    "vendor_metadata_domain": "Security",
    "vendor_metadata_location": "San Francisco, California, USA",
    "vendor_metadata_employee_strength": 1500
}
{
    "vendor_metadata_sector": "Financial Services",
    "vendor_metadata_domain": "Finance",
    "vendor_metadata_location": "Chicago, Illinois, USA",
    "vendor_metadata_employee_strength": 850
}
{
    "vendor_metadata_sector": "Security Services",
    "vendor_metadata_domain": "Security",
    "vendor_metadata_location": "Ahmedabad, Gujarat, India",
    "vendor_metadata_employee_strength": 272
}
{
    "vendor_metadata_sector": "Security Services",
    "vendor_metadata_domain": "Security",
    "vendor_metadata_location": " Coimbatore Tamil Nadu, India",
    "vendor_metadata_employee_strength": 330
}
{
    "vendor_metadata_sector": "Financial Services",
    "vendor_metadata_domain": "Finance",
    "vendor_metadata_location": "Indore, Madhya Pradesh, India",
    "vendor_metadata_employee_strength": 981
}
{
    "vendor_metadata_sector": "Data Center Services",
    "vendor_metadata_domain": "Technology",
    "vendor_metadata_location": "Seattle, Washington, USA",
    "vendor_metadata_employee_strength": 2500
}
{
    "vendor_metadata_sector": "IT Services",
    "vendor_metadata_domain": "Technology",
    "vendor_metadata_location": "Vadodara, Gujarat, India",
    "vendor_metadata_employee_strength": 737
}
{
    "vendor_metadata_sector": "Financial Services",
    "vendor_metadata_domain": "Finance",
    "vendor_metadata_location": "New York, USA",
    "vendor_metadata_employee_strength": 848
}
{
    "vendor_metadata_sector": "Security Services",
    "vendor_metadata_domain": "Security",
    "vendor_metadata_location": "Boston, Massachusetts, USA",
    "vendor_metadata_employee_strength": 900
}
{
    "vendor_metadata_sector": "Cloud Services",
    "vendor_metadata_domain": "Technology",
    "vendor_metadata_location": "Bhopal, Madhya Pradesh, India",
    "vendor_metadata_employee_strength": 403
}
{
    "vendor_metadata_sector": "Security Services",
    "vendor_metadata_domain": "Security",
    "vendor_metadata_location": "San Francisco, California, USA",
    "vendor_metadata_employee_strength": 1500
}
{
    "vendor_metadata_sector": "Financial Services",
    "vendor_metadata_domain": "Finance",
    "vendor_metadata_location": "Chicago, Illinois, USA",
    "vendor_metadata_employee_strength": 850
}
{
    "vendor_metadata_sector": "Security Services",
    "vendor_metadata_domain": "Security",
    "vendor_metadata_location": "Ahmedabad, Gujarat, India",
    "vendor_metadata_employee_strength": 272
}
{
    "vendor_metadata_sector": "Security Services",
    "vendor_metadata_domain": "Security",
    "vendor_metadata_location": " Coimbatore Tamil Nadu, India",
    "vendor_metadata_employee_strength": 330
}
{
    "vendor_metadata_sector": "Financial Services",
    "vendor_metadata_domain": "Finance",
    "vendor_metadata_location": "Indore, Madhya Pradesh, India",
    "vendor_metadata_employee_strength": 981
}
{
    "vendor_metadata_sector": "Data Center Services",
    "vendor_metadata_domain": "Technology",
    "vendor_metadata_location": "Seattle, Washington, USA",
    "vendor_metadata_employee_strength": 2500
}
{
    "vendor_metadata_sector": "IT Services",
    "vendor_metadata_domain": "Technology",
    "vendor_metadata_location": "Vadodara, Gujarat, India",
    "vendor_metadata_employee_strength": 737
}
{
    "vendor_metadata_sector": "Financial Services",
    "vendor_metadata_domain": "Finance",
    "vendor_metadata_location": "New York, USA",
    "vendor_metadata_employee_strength": 848
}
{
    "vendor_metadata_sector": "Security Services",
    "vendor_metadata_domain": "Security",
    "vendor_metadata_location": "Boston, Massachusetts, USA",
    "vendor_metadata_employee_strength": 900
}
{
    "vendor_metadata_sector": "Cloud Services",
    "vendor_metadata_domain": "Technology",
    "vendor_metadata_location": "Bhopal, Madhya Pradesh, India",
    "vendor_metadata_employee_strength": 403
}
{
    "vendor_metadata_sector": "Security Services",
    "vendor_metadata_domain": "Security",
    "vendor_metadata_location": "San Francisco, California, USA",
    "vendor_metadata_employee_strength": 1500
}
{
    "vendor_metadata_sector": "Financial Services",
    "vendor_metadata_domain": "Finance",
    "vendor_metadata_location": "Chicago, Illinois, USA",
    "vendor_metadata_employee_strength": 850
}
{
    "vendor_metadata_sector": "Security Services",
    "vendor_metadata_domain": "Security",
    "vendor_metadata_location": "Ahmedabad, Gujarat, India",
    "vendor_metadata_employee_strength": 272
}
{
    "vendor_metadata_sector": "Security Services",
    "vendor_metadata_domain": "Security",
    "vendor_metadata_location": " Coimbatore Tamil Nadu, India",
    "vendor_metadata_employee_strength": 330
}
{
    "vendor_metadata_sector": "Financial Services",
    "vendor_metadata_domain": "Finance",
    "vendor_metadata_location": "Indore, Madhya Pradesh, India",
    "vendor_metadata_employee_strength": 981
}
{
    "vendor_metadata_sector": "Data Center Services",
    "vendor_metadata_domain": "Technology",
    "vendor_metadata_location": "Seattle, Washington, USA",
    "vendor_metadata_employee_strength": 2500
}
{
    "vendor_metadata_sector": "IT Services",
    "vendor_metadata_domain": "Technology",
    "vendor_metadata_location": "Vadodara, Gujarat, India",
    "vendor_metadata_employee_strength": 737
}
{
    "vendor_metadata_sector": "Financial Services",
    "vendor_metadata_domain": "Finance",
    "vendor_metadata_location": "New York, USA",
    "vendor_metadata_employee_strength": 848
}
{
    "vendor_metadata_sector": "Security Services",
    "vendor_metadata_domain": "Security",
    "vendor_metadata_location": "Boston, Massachusetts, USA",
    "vendor_metadata_employee_strength": 900
}
{
    "vendor_metadata_sector": "Cloud Services",
    "vendor_metadata_domain": "Technology",
    "vendor_metadata_location": "Bhopal, Madhya Pradesh, India",
    "vendor_metadata_employee_strength": 403
}
{
    "vendor_metadata_sector": "Security Services",
    "vendor_metadata_domain": "Security",
    "vendor_metadata_location": "San Francisco, California, USA",
    "vendor_metadata_employee_strength": 1500
}
{
    "vendor_metadata_sector": "Financial Services",
    "vendor_metadata_domain": "Finance",
    "vendor_metadata_location": "Chicago, Illinois, USA",
    "vendor_metadata_employee_strength": 850
}
{
    "vendor_metadata_sector": "Security Services",
    "vendor_metadata_domain": "Security",
    "vendor_metadata_location": "Ahmedabad, Gujarat, India",
    "vendor_metadata_employee_strength": 272
}
{
    "vendor_metadata_sector": "Security Services",
    "vendor_metadata_domain": "Security",
    "vendor_metadata_location": " Coimbatore Tamil Nadu, India",
    "vendor_metadata_employee_strength": 330
}
{
    "vendor_metadata_sector": "Financial Services",
    "vendor_metadata_domain": "Finance",
    "vendor_metadata_location": "Indore, Madhya Pradesh, India",
    "vendor_metadata_employee_strength": 981
}
{
    "vendor_metadata_sector": "Data Center Services",
    "vendor_metadata_domain": "Technology",
    "vendor_metadata_location": "Seattle, Washington, USA",
    "vendor_metadata_employee_strength": 2500
}
{
    "vendor_metadata_sector": "IT Services",
    "vendor_metadata_domain": "Technology",
    "vendor_metadata_location": "Vadodara, Gujarat, India",
    "vendor_metadata_employee_strength": 737
}
{
    "vendor_metadata_sector": "Financial Services",
    "vendor_metadata_domain": "Finance",
    "vendor_metadata_location": "New York, USA",
    "vendor_metadata_employee_strength": 848
}
{
    "vendor_metadata_sector": "Security Services",
    "vendor_metadata_domain": "Security",
    "vendor_metadata_location": "Boston, Massachusetts, USA",
    "vendor_metadata_employee_strength": 900
}
{
    "vendor_metadata_sector": "Cloud Services",
    "vendor_metadata_domain": "Technology",
    "vendor_metadata_location": "Bhopal, Madhya Pradesh, India",
    "vendor_metadata_employee_strength": 403
}
{
    "vendor_metadata_sector": "Security Services",
    "vendor_metadata_domain": "Security",
    "vendor_metadata_location": "San Francisco, California, USA",
    "vendor_metadata_employee_strength": 1500
}
{
    "vendor_metadata_sector": "Financial Services",
    "vendor_metadata_domain": "Finance",
    "vendor_metadata_location": "Chicago, Illinois, USA",
    "vendor_metadata_employee_strength": 850
}
{
    "vendor_metadata_sector": "Security Services",
    "vendor_metadata_domain": "Security",
    "vendor_metadata_location": "Ahmedabad, Gujarat, India",
    "vendor_metadata_employee_strength": 272
}
{
    "vendor_metadata_sector": "Security Services",
    "vendor_metadata_domain": "Security",
    "vendor_metadata_location": " Coimbatore Tamil Nadu, India",
    "vendor_metadata_employee_strength": 330
}
{
    "vendor_metadata_sector": "Financial Services",
    "vendor_metadata_domain": "Finance",
    "vendor_metadata_location": "Indore, Madhya Pradesh, India",
    "vendor_metadata_employee_strength": 981
}
{
    "vendor_metadata_sector": "Data Center Services",
    "vendor_metadata_domain": "Technology",
    "vendor_metadata_location": "Seattle, Washington, USA",
    "vendor_metadata_employee_strength": 2500
}
{
    "vendor_metadata_sector": "IT Services",
    "vendor_metadata_domain": "Technology",
    "vendor_metadata_location": "Vadodara, Gujarat, India",
    "vendor_metadata_employee_strength": 737
}
{
    "vendor_metadata_sector": "Financial Services",
    "vendor_metadata_domain": "Finance",
    "vendor_metadata_location": "New York, USA",
    "vendor_metadata_employee_strength": 848
}
{
    "vendor_metadata_sector": "Security Services",
    "vendor_metadata_domain": "Security",
    "vendor_metadata_location": "Boston, Massachusetts, USA",
    "vendor_metadata_employee_strength": 900
}
